********************************************************************************
DUPLICATOR-LITE PACKAGE-LOG: 23.10.2020 15:19
NOTICE: Do NOT post to public sites or forums 
********************************************************************************
VERSION:	1.3.38
WORDPRESS:	5.5.1
PHP INFO:	7.2.1 | SAPI: apache2handler
SERVER:		Apache/2.4.29 (Win32) OpenSSL/1.1.0g PHP/7.2.1 
PHP TIME LIMIT: (0) no time limit imposed 
PHP MAX MEMORY: 4294967296 (128M default) 
MEMORY STACK: 80MB

********************************************************************************
DATABASE:
********************************************************************************
BUILD MODE:   MYSQLDUMP
MYSQLTIMEOUT: 5000
MYSQLDUMP:    Is Supported
SQL CREATED: 20201023_sanfiago_801f1a47c6c67cbc2642_20201023151621_database.sql
SQL FILE SIZE: 1.41MB (1479644)
SQL FILE TIME: 2020-10-23 15:19:42
SQL RUNTIME: 27.30 sec.

********************************************************************************
ARCHIVE (ZIP):
********************************************************************************
ARCHIVE DIR:  C:/xampp/htdocs/Sanfiago/wordpress/wordpress
ARCHIVE FILE: 20201023_sanfiago_801f1a47c6c67cbc2642_20201023151621_archive.zip
FILTERS: *OFF*
DIRS:
	not set
FILES:
	not set
EXTS:  not set
----------------------------------------
COMPRESSING
SIZE:	164.38MB
STATS:	Dirs 1,936 | Files 10,614
SQL ADDED: 20201023_sanfiago_801f1a47c6c67cbc2642_20201023151621_database.sql
ZipArchive Object
(
    [status] => 0
    [statusSys] => 0
    [numFiles] => 12550
    [filename] => C:\xampp\htdocs\Sanfiago\wordpress\wordpress\wp-content\backups-dup-lite\tmp\20201023_sanfiago_801f1a47c6c67cbc2642_20201023151621_archive.zip
    [comment] => 
)

FILE ADDED TO ZIP: 12549
COMPRESSION RESULT: '1'
COMPRESSED SIZE: 56.4MB
ARCHIVE RUNTIME: 256.98 sec.
MEMORY STACK: 84MB
building installer
add_extra_files1
add_extra_files2
add_extra_files3
add_extra_files4
Doing archive file check
add_extra_files5
add_extra_files6
add_extra_files8
Successfully opened zip C:/xampp/htdocs/Sanfiago/wordpress/wordpress/wp-content/backups-dup-lite/tmp/20201023_sanfiago_801f1a47c6c67cbc2642_20201023151621_archive.zip
Adding enhanced installer files to archive using ZipArchive
Installer files added to archive
Added to archive
After ziparchive close when adding installer

********************************************************************************
INTEGRITY CHECKS:
********************************************************************************
SQL FILE: 1.41MB
INSTALLER FILE: 61.31KB
ARCHIVE FILE: 57.95MB 
EXPECTED FILE/DIRECTORY COUNT: 12,550
ACTUAL FILE/DIRECTORY COUNT: 12,549
ARCHIVE CONSISTENCY TEST: Pass

********************************************************************************
RECORD ID:[1]
TOTAL PROCESS RUNTIME: 318.22 sec.
PEAK PHP MEMORY USED: 86MB
DONE PROCESSING => 20201023_sanfiago 23.10.2020 15:24

