********************************************************************************
DUPLICATOR-LITE PACKAGE-LOG: 24.10.2020 07:35
NOTICE: Do NOT post to public sites or forums 
********************************************************************************
VERSION:	1.3.38
WORDPRESS:	5.5.1
PHP INFO:	7.2.1 | SAPI: apache2handler
SERVER:		Apache/2.4.29 (Win32) OpenSSL/1.1.0g PHP/7.2.1 
PHP TIME LIMIT: (0) no time limit imposed 
PHP MAX MEMORY: 4294967296 (128M default) 
MEMORY STACK: 8MB

********************************************************************************
DATABASE:
********************************************************************************
BUILD MODE:   MYSQLDUMP
MYSQLTIMEOUT: 5000
MYSQLDUMP:    Is Supported
SQL CREATED: 20201023_sanfiago_581e3a666a7aefed6824_20201024073255_database.sql
SQL FILE SIZE: 1.4MB (1468327)
SQL FILE TIME: 2020-10-24 07:36:13
SQL RUNTIME: 45.03 sec.

********************************************************************************
ARCHIVE (ZIP):
********************************************************************************
ARCHIVE DIR:  C:/xampp/htdocs/Sanfiago/wordpress/wordpress
ARCHIVE FILE: 20201023_sanfiago_581e3a666a7aefed6824_20201024073255_archive.zip
FILTERS: *OFF*
DIRS:
	not set
FILES:
	not set
EXTS:  not set
----------------------------------------
COMPRESSING
SIZE:	164.39MB
STATS:	Dirs 1,936 | Files 10,615
SQL ADDED: 20201023_sanfiago_581e3a666a7aefed6824_20201024073255_database.sql
ZipArchive Object
(
    [status] => 0
    [statusSys] => 0
    [numFiles] => 12551
    [filename] => C:\xampp\htdocs\Sanfiago\wordpress\wordpress\wp-content\backups-dup-lite\tmp\20201023_sanfiago_581e3a666a7aefed6824_20201024073255_archive.zip
    [comment] => 
)

FILE ADDED TO ZIP: 12550
COMPRESSION RESULT: '1'
COMPRESSED SIZE: 56.39MB
ARCHIVE RUNTIME: 936.79 sec.
MEMORY STACK: 12MB
building installer
add_extra_files1
add_extra_files2
add_extra_files3
add_extra_files4
Doing archive file check
add_extra_files5
add_extra_files6
add_extra_files8
Successfully opened zip C:/xampp/htdocs/Sanfiago/wordpress/wordpress/wp-content/backups-dup-lite/tmp/20201023_sanfiago_581e3a666a7aefed6824_20201024073255_archive.zip
Adding enhanced installer files to archive using ZipArchive
Installer files added to archive
Added to archive
After ziparchive close when adding installer

********************************************************************************
INTEGRITY CHECKS:
********************************************************************************
SQL FILE: 1.4MB
INSTALLER FILE: 61.31KB
ARCHIVE FILE: 57.95MB 
EXPECTED FILE/DIRECTORY COUNT: 12,551
ACTUAL FILE/DIRECTORY COUNT: 12,550
ARCHIVE CONSISTENCY TEST: Pass

********************************************************************************
RECORD ID:[2]
TOTAL PROCESS RUNTIME: 1012.23 sec.
PEAK PHP MEMORY USED: 14MB
DONE PROCESSING => 20201023_sanfiago 24.10.2020 07:52

